<?xml version="1.0" encoding="UTF-8"?>
<!-- Generated by org.testng.reporters.JUnitReportReporter -->
<testsuite skipped="0" hostname="Atuls-MacBook-Pro.local" name="com.appium.ios.iOS_UICatalog_Start" tests="2" failures="0" timestamp="23 Aug 2017 14:53:58 GMT" time="10.435" errors="0">
  <testcase name="TestCase_001" time="1.186" classname="com.appium.ios.iOS_UICatalog_Start"/>
  <testcase name="TestCase_Switches" time="9.249" classname="com.appium.ios.iOS_UICatalog_Start"/>
</testsuite> <!-- com.appium.ios.iOS_UICatalog_Start -->
